[  0%] Built target std_srvs_generate_messages_lisp
[  0%] Built target trajectory_msgs_generate_messages_lisp
[  0%] Built target tf_generate_messages_lisp
[  0%] Built target std_srvs_generate_messages_eus
[  0%] Built target tf_generate_messages_nodejs
[  0%] Built target tf_generate_messages_cpp
[  0%] Built target std_srvs_generate_messages_nodejs
[  0%] Built target dynamic_reconfigure_generate_messages_cpp
[  0%] Built target dynamic_reconfigure_gencfg
[  0%] Built target tf2_msgs_generate_messages_lisp
[  0%] Built target tf2_msgs_generate_messages_cpp
[  0%] Built target tf2_msgs_generate_messages_py
[  0%] Built target dynamic_reconfigure_generate_messages_nodejs
[  0%] Built target dynamic_reconfigure_generate_messages_lisp
[  0%] Built target octomap_msgs_generate_messages_py
[  0%] Built target octomap_msgs_generate_messages_nodejs
[  0%] Built target octomap_msgs_generate_messages_lisp
[  0%] Built target octomap_msgs_generate_messages_cpp
[  0%] Built target object_recognition_msgs_generate_messages_nodejs
[  0%] Built target object_recognition_msgs_generate_messages_lisp
[  0%] Built target object_recognition_msgs_generate_messages_cpp
[  0%] Built target actionlib_generate_messages_nodejs
[  0%] Built target object_recognition_msgs_generate_messages_eus
[  0%] Built target octomap_msgs_generate_messages_eus
[  0%] Built target trajectory_msgs_generate_messages_nodejs
[  0%] Built target actionlib_msgs_generate_messages_cpp
[  0%] Built target std_msgs_generate_messages_nodejs
[  0%] Built target std_msgs_generate_messages_cpp
[  0%] Built target object_recognition_msgs_generate_messages_py
[  0%] Built target std_msgs_generate_messages_py
[  0%] Built target rosgraph_msgs_generate_messages_nodejs
[  0%] Built target geometry_msgs_generate_messages_eus
[  0%] Built target actionlib_generate_messages_cpp
[  0%] Built target roscpp_generate_messages_lisp
[  0%] Built target actionlib_generate_messages_lisp
[  0%] Built target actionlib_msgs_generate_messages_py
[  0%] Built target shape_msgs_generate_messages_cpp
[  0%] Built target moveit_ros_manipulation_gencfg
[  0%] Built target std_msgs_generate_messages_lisp
[  0%] Built target std_srvs_generate_messages_cpp
[  0%] Built target tf2_msgs_generate_messages_nodejs
[  0%] Built target moveit_msgs_generate_messages_lisp
[  0%] Built target dynamic_reconfigure_generate_messages_py
[  0%] Built target actionlib_msgs_generate_messages_eus
[  0%] Built target tf_generate_messages_eus
[  0%] Built target trajectory_msgs_generate_messages_eus
[  0%] Built target rosgraph_msgs_generate_messages_py
[  0%] Built target rosgraph_msgs_generate_messages_lisp
[  0%] Built target shape_msgs_generate_messages_nodejs
[  0%] Built target roscpp_generate_messages_py
[  0%] Built target roscpp_generate_messages_eus
[  0%] Built target roscpp_generate_messages_cpp
[  0%] Built target trajectory_msgs_generate_messages_py
[  0%] Built target rosgraph_msgs_generate_messages_cpp
[  0%] Built target actionlib_generate_messages_eus
[  0%] Built target roscpp_generate_messages_nodejs
[  0%] Built target actionlib_generate_messages_py
[  0%] Built target actionlib_msgs_generate_messages_lisp
[  0%] Built target std_msgs_generate_messages_eus
[  0%] Built target tf_generate_messages_py
[  0%] Built target actionlib_msgs_generate_messages_nodejs
[  0%] Built target trajectory_msgs_generate_messages_cpp
[  0%] Built target std_srvs_generate_messages_py
[  0%] Built target moveit_ros_planning_gencfg
[  0%] Built target rosgraph_msgs_generate_messages_eus
[  0%] Built target shape_msgs_generate_messages_eus
[  0%] Built target shape_msgs_generate_messages_py
[  0%] Built target geometry_msgs_generate_messages_cpp
[  0%] Built target visualization_msgs_generate_messages_eus
[  0%] Built target moveit_msgs_generate_messages_py
[  0%] Built target dynamic_reconfigure_generate_messages_eus
[  0%] Built target geometry_msgs_generate_messages_lisp
[  0%] Built target geometry_msgs_generate_messages_nodejs
[  0%] Built target visualization_msgs_generate_messages_lisp
[  0%] Built target moveit_msgs_generate_messages_eus
[  0%] Built target sensor_msgs_generate_messages_py
[  0%] Built target geometry_msgs_generate_messages_py
[  0%] Built target tf2_msgs_generate_messages_eus
[  0%] Built target visualization_msgs_generate_messages_nodejs
[  0%] Built target moveit_msgs_generate_messages_cpp
[  0%] Built target visualization_msgs_generate_messages_py
[  0%] Built target sensor_msgs_generate_messages_cpp
[  0%] Built target moveit_msgs_generate_messages_nodejs
[  0%] Built target visualization_msgs_generate_messages_cpp
[  0%] Built target sensor_msgs_generate_messages_eus
[  0%] Built target sensor_msgs_generate_messages_lisp
[  0%] Built target sensor_msgs_generate_messages_nodejs
[  0%] Built target shape_msgs_generate_messages_lisp
[35m[1mScanning dependencies of target joint_state_publisher[0m
[35m[1mScanning dependencies of target serial_port[0m
[ 33%] Built target action_server2
[ 50%] [32mBuilding CXX object CMakeFiles/serial_port.dir/src/serial_port.cpp.o[0m
[ 66%] [32mBuilding CXX object CMakeFiles/joint_state_publisher.dir/src/joint_state_publisher.cpp.o[0m
[ 83%] [32m[1mLinking CXX executable /home/tjurm/demo02_ws/devel/.private/tjurm_arm/lib/tjurm_arm/serial_port[0m
[100%] [32m[1mLinking CXX executable /home/tjurm/demo02_ws/devel/.private/tjurm_arm/lib/tjurm_arm/joint_state_publisher[0m
[100%] Built target serial_port
/usr/bin/ld: CMakeFiles/joint_state_publisher.dir/src/joint_state_publisher.cpp.o: in function `main':
joint_state_publisher.cpp:(.text+0x420): undefined reference to `rx_buffer_float'
/usr/bin/ld: joint_state_publisher.cpp:(.text+0x424): undefined reference to `rx_buffer_float'
/usr/bin/ld: joint_state_publisher.cpp:(.text+0x448): undefined reference to `rx_buffer_float'
/usr/bin/ld: joint_state_publisher.cpp:(.text+0x44c): undefined reference to `rx_buffer_float'
collect2: error: ld returned 1 exit status
make[2]: *** [CMakeFiles/joint_state_publisher.dir/build.make:184: /home/tjurm/demo02_ws/devel/.private/tjurm_arm/lib/tjurm_arm/joint_state_publisher] Error 1
make[1]: *** [CMakeFiles/Makefile2:2344: CMakeFiles/joint_state_publisher.dir/all] Error 2
make: *** [Makefile:141: all] Error 2
