[  0%] Built target tf_generate_messages_nodejs
[35m[1mScanning dependencies of target action_server2[0m
[  0%] Built target trajectory_msgs_generate_messages_lisp
[  0%] Built target std_srvs_generate_messages_eus
[  0%] Built target std_srvs_generate_messages_nodejs
[  0%] Built target std_srvs_generate_messages_lisp
[  0%] Built target tf_generate_messages_lisp
[  0%] Built target dynamic_reconfigure_generate_messages_cpp
[  0%] Built target dynamic_reconfigure_generate_messages_nodejs
[  0%] Built target tf_generate_messages_cpp
[  0%] Built target dynamic_reconfigure_gencfg
[  0%] Built target tf2_msgs_generate_messages_py
[  0%] Built target tf2_msgs_generate_messages_lisp
[  0%] Built target octomap_msgs_generate_messages_py
[  0%] Built target dynamic_reconfigure_generate_messages_lisp
[  0%] Built target tf2_msgs_generate_messages_cpp
[ 25%] [32mBuilding CXX object CMakeFiles/action_server2.dir/src/action_server2.cpp.o[0m
[ 25%] Built target octomap_msgs_generate_messages_nodejs
[ 25%] Built target octomap_msgs_generate_messages_cpp
[ 25%] Built target object_recognition_msgs_generate_messages_lisp
[ 25%] Built target octomap_msgs_generate_messages_lisp
[ 25%] Built target object_recognition_msgs_generate_messages_nodejs
[ 25%] Built target object_recognition_msgs_generate_messages_eus
[ 25%] Built target octomap_msgs_generate_messages_eus
[ 25%] Built target trajectory_msgs_generate_messages_nodejs
[ 25%] Built target actionlib_generate_messages_nodejs
[ 25%] Built target object_recognition_msgs_generate_messages_cpp
[ 25%] Built target std_msgs_generate_messages_py
[ 25%] Built target actionlib_msgs_generate_messages_cpp
[ 25%] Built target geometry_msgs_generate_messages_eus
[ 25%] Built target std_msgs_generate_messages_nodejs
[ 25%] Built target std_msgs_generate_messages_cpp
[ 25%] Built target rosgraph_msgs_generate_messages_nodejs
[ 25%] Built target object_recognition_msgs_generate_messages_py
[ 25%] Built target actionlib_msgs_generate_messages_py
[ 25%] Built target actionlib_generate_messages_cpp
[ 25%] Built target roscpp_generate_messages_lisp
[ 25%] Built target moveit_ros_manipulation_gencfg
[ 25%] Built target actionlib_generate_messages_lisp
[ 25%] Built target shape_msgs_generate_messages_cpp
[ 25%] Built target tf2_msgs_generate_messages_nodejs
[ 25%] Built target std_msgs_generate_messages_lisp
[ 25%] Built target moveit_msgs_generate_messages_lisp
[ 25%] Built target dynamic_reconfigure_generate_messages_py
[ 25%] Built target tf_generate_messages_eus
[ 25%] Built target std_srvs_generate_messages_cpp
[ 25%] Built target actionlib_msgs_generate_messages_eus
[ 25%] Built target rosgraph_msgs_generate_messages_lisp
[ 25%] Built target trajectory_msgs_generate_messages_eus
[ 25%] Built target roscpp_generate_messages_py
[ 25%] Built target rosgraph_msgs_generate_messages_py
[ 25%] Built target shape_msgs_generate_messages_nodejs
[ 25%] Built target roscpp_generate_messages_eus
[ 25%] Built target roscpp_generate_messages_cpp
[ 25%] Built target roscpp_generate_messages_nodejs
[ 25%] Built target trajectory_msgs_generate_messages_py
[ 25%] Built target actionlib_generate_messages_eus
[ 25%] Built target rosgraph_msgs_generate_messages_cpp
[ 25%] Built target actionlib_generate_messages_py
[ 25%] Built target tf_generate_messages_py
[ 25%] Built target actionlib_msgs_generate_messages_lisp
[ 25%] Built target std_msgs_generate_messages_eus
[ 25%] Built target actionlib_msgs_generate_messages_nodejs
[ 25%] Built target trajectory_msgs_generate_messages_cpp
[ 25%] Built target std_srvs_generate_messages_py
[ 25%] Built target rosgraph_msgs_generate_messages_eus
[ 25%] Built target moveit_ros_planning_gencfg
[ 25%] Built target shape_msgs_generate_messages_eus
[ 25%] Built target shape_msgs_generate_messages_py
[ 25%] Built target visualization_msgs_generate_messages_eus
[ 25%] Built target geometry_msgs_generate_messages_cpp
[ 25%] Built target moveit_msgs_generate_messages_py
[ 25%] Built target geometry_msgs_generate_messages_lisp
[ 25%] Built target dynamic_reconfigure_generate_messages_eus
[ 25%] Built target geometry_msgs_generate_messages_nodejs
[ 25%] Built target visualization_msgs_generate_messages_lisp
[ 25%] Built target geometry_msgs_generate_messages_py
[ 25%] Built target moveit_msgs_generate_messages_eus
[ 25%] Built target sensor_msgs_generate_messages_py
[ 25%] Built target tf2_msgs_generate_messages_eus
[ 25%] Built target visualization_msgs_generate_messages_nodejs
[ 25%] Built target visualization_msgs_generate_messages_py
[ 25%] Built target moveit_msgs_generate_messages_cpp
[ 25%] Built target moveit_msgs_generate_messages_nodejs
[ 25%] Built target sensor_msgs_generate_messages_cpp
[ 25%] Built target sensor_msgs_generate_messages_eus
[ 25%] Built target sensor_msgs_generate_messages_nodejs
[ 25%] Built target visualization_msgs_generate_messages_cpp
[ 25%] Built target sensor_msgs_generate_messages_lisp
[ 25%] Built target shape_msgs_generate_messages_lisp
[ 75%] Built target joint_state_publisher
[01m[K/home/tjurm/demo02_ws/src/tjurm_arm/src/action_server2.cpp:[m[K In function ‘[01m[Kvoid execute_callback(const FollowJointTrajectoryGoalConstPtr&, Server*)[m[K’:
[01m[K/home/tjurm/demo02_ws/src/tjurm_arm/src/action_server2.cpp:42:97:[m[K [01;31m[Kerror: [m[K‘[01m[Kendl[m[K’ was not declared in this scope; did you mean ‘[01m[Kstd::endl[m[K’?
   42 |     std::cout << "The trajectory data is:" << "********************************************" << [01;31m[Kendl[m[K;
      |                                                                                                 [01;31m[K^~~~[m[K
      |                                                                                                 [32m[Kstd::endl[m[K
In file included from [01m[K/usr/include/c++/9/iostream:39[m[K,
                 from [01m[K/opt/ros/noetic/include/ros/time.h:54[m[K,
                 from [01m[K/opt/ros/noetic/include/ros/ros.h:38[m[K,
                 from [01m[K/home/tjurm/demo02_ws/src/tjurm_arm/src/action_server2.cpp:1[m[K:
[01m[K/usr/include/c++/9/ostream:599:5:[m[K [01;36m[Knote: [m[K‘[01m[Kstd::endl[m[K’ declared here
  599 |     [01;36m[Kendl[m[K(basic_ostream<_CharT, _Traits>& __os)
      |     [01;36m[K^~~~[m[K
make[2]: *** [CMakeFiles/action_server2.dir/build.make:63: CMakeFiles/action_server2.dir/src/action_server2.cpp.o] Error 1
make[1]: *** [CMakeFiles/Makefile2:230: CMakeFiles/action_server2.dir/all] Error 2
make: *** [Makefile:141: all] Error 2
