[01m[K/home/tjurm/demo02_ws/src/tjurm_arm/src/joint_state_publisher.cpp:[m[K In function ‘[01m[Kint main(int, char**)[m[K’:
[01m[K/home/tjurm/demo02_ws/src/tjurm_arm/src/joint_state_publisher.cpp:133:37:[m[K [01;31m[Kerror: [m[Kno matching function for call to ‘[01m[Kserial::Serial::read(double [48], size_t&)[m[K’
  133 |             n = sp.read(rx_buffer, n[01;31m[K)[m[K/8;
      |                                     [01;31m[K^[m[K
In file included from [01m[K/home/tjurm/demo02_ws/src/tjurm_arm/src/joint_state_publisher.cpp:3[m[K:
[01m[K/opt/ros/noetic/include/serial/serial.h:265:3:[m[K [01;36m[Knote: [m[Kcandidate: ‘[01m[Ksize_t serial::Serial::read(uint8_t*, size_t)[m[K’
  265 |   [01;36m[Kread[m[K (uint8_t *buffer, size_t size);
      |   [01;36m[K^~~~[m[K
[01m[K/opt/ros/noetic/include/serial/serial.h:265:18:[m[K [01;36m[Knote: [m[K  no known conversion for argument 1 from ‘[01m[Kdouble [48][m[K’ to ‘[01m[Kuint8_t*[m[K’ {aka ‘[01m[Kunsigned char*[m[K’}
  265 |   read ([01;36m[Kuint8_t *buffer[m[K, size_t size);
      |         [01;36m[K~~~~~~~~~^~~~~~[m[K
[01m[K/opt/ros/noetic/include/serial/serial.h:279:3:[m[K [01;36m[Knote: [m[Kcandidate: ‘[01m[Ksize_t serial::Serial::read(std::vector<unsigned char>&, size_t)[m[K’
  279 |   [01;36m[Kread[m[K (std::vector<uint8_t> &buffer, size_t size = 1);
      |   [01;36m[K^~~~[m[K
[01m[K/opt/ros/noetic/include/serial/serial.h:279:31:[m[K [01;36m[Knote: [m[K  no known conversion for argument 1 from ‘[01m[Kdouble [48][m[K’ to ‘[01m[Kstd::vector<unsigned char>&[m[K’
  279 |   read ([01;36m[Kstd::vector<uint8_t> &buffer[m[K, size_t size = 1);
      |         [01;36m[K~~~~~~~~~~~~~~~~~~~~~~^~~~~~[m[K
[01m[K/opt/ros/noetic/include/serial/serial.h:293:3:[m[K [01;36m[Knote: [m[Kcandidate: ‘[01m[Ksize_t serial::Serial::read(std::string&, size_t)[m[K’
  293 |   [01;36m[Kread[m[K (std::string &buffer, size_t size = 1);
      |   [01;36m[K^~~~[m[K
[01m[K/opt/ros/noetic/include/serial/serial.h:293:22:[m[K [01;36m[Knote: [m[K  no known conversion for argument 1 from ‘[01m[Kdouble [48][m[K’ to ‘[01m[Kstd::string&[m[K’ {aka ‘[01m[Kstd::__cxx11::basic_string<char>&[m[K’}
  293 |   read ([01;36m[Kstd::string &buffer[m[K, size_t size = 1);
      |         [01;36m[K~~~~~~~~~~~~~^~~~~~[m[K
[01m[K/opt/ros/noetic/include/serial/serial.h:306:3:[m[K [01;36m[Knote: [m[Kcandidate: ‘[01m[Kstd::string serial::Serial::read(size_t)[m[K’
  306 |   [01;36m[Kread[m[K (size_t size = 1);
      |   [01;36m[K^~~~[m[K
[01m[K/opt/ros/noetic/include/serial/serial.h:306:3:[m[K [01;36m[Knote: [m[K  candidate expects 1 argument, 2 provided
make[2]: *** [CMakeFiles/joint_state_publisher.dir/build.make:63: CMakeFiles/joint_state_publisher.dir/src/joint_state_publisher.cpp.o] Error 1
make[1]: *** [CMakeFiles/Makefile2:2286: CMakeFiles/joint_state_publisher.dir/all] Error 2
make: *** [Makefile:141: all] Error 2
