[01m[K/home/tjurm/demo02_ws/src/tjurm_arm/src/joint_state_publisher.cpp:[m[K In function ‘[01m[Kint main(int, char**)[m[K’:
[01m[K/home/tjurm/demo02_ws/src/tjurm_arm/src/joint_state_publisher.cpp:93:13:[m[K [01;31m[Kerror: [m[K‘[01m[Kjoint_state[m[K’ was not declared in this scope; did you mean ‘[01m[Kinitstate[m[K’?
   93 |             [01;31m[Kjoint_state[m[K.position[i] = rx_buffer_float[i];
      |             [01;31m[K^~~~~~~~~~~[m[K
      |             [32m[Kinitstate[m[K
[01m[K/home/tjurm/demo02_ws/src/tjurm_arm/src/joint_state_publisher.cpp:98:9:[m[K [01;31m[Kerror: [m[K‘[01m[Kjoint_state[m[K’ was not declared in this scope; did you mean ‘[01m[Kinitstate[m[K’?
   98 |         [01;31m[Kjoint_state[m[K.header.stamp = ros::Time::now();
      |         [01;31m[K^~~~~~~~~~~[m[K
      |         [32m[Kinitstate[m[K
[01m[K/home/tjurm/demo02_ws/src/tjurm_arm/src/joint_state_publisher.cpp:101:9:[m[K [01;31m[Kerror: [m[K‘[01m[Kjoint_states_pub[m[K’ was not declared in this scope
  101 |         [01;31m[Kjoint_states_pub[m[K.publish(joint_state);
      |         [01;31m[K^~~~~~~~~~~~~~~~[m[K
[01m[K/home/tjurm/demo02_ws/src/tjurm_arm/src/joint_state_publisher.cpp:[m[K In function ‘[01m[Kvoid joint_state_publisher_init()[m[K’:
[01m[K/home/tjurm/demo02_ws/src/tjurm_arm/src/joint_state_publisher.cpp:128:39:[m[K [01;31m[Kerror: [m[K‘[01m[Knh[m[K’ was not declared in this scope
  128 |     ros::Publisher joint_states_pub = [01;31m[Knh[m[K.advertise<sensor_msgs::JointState>("/joint_states", 10);
      |                                       [01;31m[K^~[m[K
[01m[K/home/tjurm/demo02_ws/src/tjurm_arm/src/joint_state_publisher.cpp:128:75:[m[K [01;31m[Kerror: [m[Kexpected primary-expression before ‘[01m[K>[m[K’ token
  128 |     ros::Publisher joint_states_pub = nh.advertise<sensor_msgs::JointState[01;31m[K>[m[K("/joint_states", 10);
      |                                                                           [01;31m[K^[m[K
make[2]: *** [CMakeFiles/joint_state_publisher.dir/build.make:63: CMakeFiles/joint_state_publisher.dir/src/joint_state_publisher.cpp.o] Error 1
make[1]: *** [CMakeFiles/Makefile2:2315: CMakeFiles/joint_state_publisher.dir/all] Error 2
make: *** [Makefile:141: all] Error 2
