[01m[K/home/tjurm/demo02_ws/src/tjurm_arm/src/joint_state_publisher.cpp:[m[K In function ‘[01m[Kint main(int, char**)[m[K’:
[01m[K/home/tjurm/demo02_ws/src/tjurm_arm/src/joint_state_publisher.cpp:153:76:[m[K [01;31m[Kerror: [m[Kno matching function for call to ‘[01m[Kserial::Serial::write(__gnu_cxx::__alloc_traits<std::allocator<double>, double>::value_type&, int)[m[K’
  153 |             sp.write(moveit_tra.joint_trajectory.points[0].positions[0], 24[01;31m[K)[m[K;
      |                                                                            [01;31m[K^[m[K
In file included from [01m[K/home/tjurm/demo02_ws/src/tjurm_arm/src/joint_state_publisher.cpp:3[m[K:
[01m[K/opt/ros/noetic/include/serial/serial.h:372:3:[m[K [01;36m[Knote: [m[Kcandidate: ‘[01m[Ksize_t serial::Serial::write(const uint8_t*, size_t)[m[K’
  372 |   [01;36m[Kwrite[m[K (const uint8_t *data, size_t size);
      |   [01;36m[K^~~~~[m[K
[01m[K/opt/ros/noetic/include/serial/serial.h:372:25:[m[K [01;36m[Knote: [m[K  no known conversion for argument 1 from ‘[01m[K__gnu_cxx::__alloc_traits<std::allocator<double>, double>::value_type[m[K’ {aka ‘[01m[Kdouble[m[K’} to ‘[01m[Kconst uint8_t*[m[K’ {aka ‘[01m[Kconst unsigned char*[m[K’}
  372 |   write ([01;36m[Kconst uint8_t *data[m[K, size_t size);
      |          [01;36m[K~~~~~~~~~~~~~~~^~~~[m[K
[01m[K/opt/ros/noetic/include/serial/serial.h:387:3:[m[K [01;36m[Knote: [m[Kcandidate: ‘[01m[Ksize_t serial::Serial::write(const std::vector<unsigned char>&)[m[K’
  387 |   [01;36m[Kwrite[m[K (const std::vector<uint8_t> &data);
      |   [01;36m[K^~~~~[m[K
[01m[K/opt/ros/noetic/include/serial/serial.h:387:3:[m[K [01;36m[Knote: [m[K  candidate expects 1 argument, 2 provided
[01m[K/opt/ros/noetic/include/serial/serial.h:402:3:[m[K [01;36m[Knote: [m[Kcandidate: ‘[01m[Ksize_t serial::Serial::write(const string&)[m[K’
  402 |   [01;36m[Kwrite[m[K (const std::string &data);
      |   [01;36m[K^~~~~[m[K
[01m[K/opt/ros/noetic/include/serial/serial.h:402:3:[m[K [01;36m[Knote: [m[K  candidate expects 1 argument, 2 provided
make[2]: *** [CMakeFiles/joint_state_publisher.dir/build.make:63: CMakeFiles/joint_state_publisher.dir/src/joint_state_publisher.cpp.o] Error 1
make[1]: *** [CMakeFiles/Makefile2:2286: CMakeFiles/joint_state_publisher.dir/all] Error 2
make: *** [Makefile:141: all] Error 2
