[  0%] Built target tf_generate_messages_nodejs
[  0%] Built target std_srvs_generate_messages_nodejs
[  0%] Built target std_srvs_generate_messages_lisp
[  0%] Built target trajectory_msgs_generate_messages_lisp
[  0%] Built target std_srvs_generate_messages_eus
[ 50%] Built target action_server2
[ 50%] Built target tf_generate_messages_cpp
[ 50%] Built target tf_generate_messages_lisp
[ 50%] Built target dynamic_reconfigure_generate_messages_cpp
[ 50%] Built target dynamic_reconfigure_gencfg
[ 50%] Built target dynamic_reconfigure_generate_messages_nodejs
[ 50%] Built target dynamic_reconfigure_generate_messages_lisp
[ 50%] Built target tf2_msgs_generate_messages_py
[ 50%] Built target tf2_msgs_generate_messages_lisp
[ 50%] Built target tf2_msgs_generate_messages_cpp
[ 50%] Built target octomap_msgs_generate_messages_py
[ 50%] Built target octomap_msgs_generate_messages_nodejs
[ 50%] Built target object_recognition_msgs_generate_messages_eus
[ 50%] Built target octomap_msgs_generate_messages_eus
[ 50%] Built target object_recognition_msgs_generate_messages_lisp
[ 50%] Built target object_recognition_msgs_generate_messages_nodejs
[ 50%] Built target octomap_msgs_generate_messages_lisp
[ 50%] Built target octomap_msgs_generate_messages_cpp
[ 50%] Built target object_recognition_msgs_generate_messages_cpp
[ 50%] Built target std_msgs_generate_messages_py
[ 50%] Built target actionlib_msgs_generate_messages_cpp
[ 50%] Built target trajectory_msgs_generate_messages_nodejs
[ 50%] Built target actionlib_generate_messages_nodejs
[ 50%] Built target std_msgs_generate_messages_nodejs
[ 50%] Built target std_msgs_generate_messages_cpp
[ 50%] Built target rosgraph_msgs_generate_messages_nodejs
[ 50%] Built target object_recognition_msgs_generate_messages_py
[ 50%] Built target actionlib_msgs_generate_messages_py
[ 50%] Built target actionlib_generate_messages_cpp
[ 50%] Built target geometry_msgs_generate_messages_eus
[ 50%] Built target roscpp_generate_messages_lisp
[ 50%] Built target moveit_ros_manipulation_gencfg
[ 50%] Built target actionlib_generate_messages_lisp
[ 50%] Built target shape_msgs_generate_messages_cpp
[ 50%] Built target std_msgs_generate_messages_lisp
[ 50%] Built target tf2_msgs_generate_messages_nodejs
[ 50%] Built target moveit_msgs_generate_messages_lisp
[ 50%] Built target dynamic_reconfigure_generate_messages_py
[ 50%] Built target actionlib_msgs_generate_messages_eus
[ 50%] Built target tf_generate_messages_eus
[ 50%] Built target std_srvs_generate_messages_cpp
[ 50%] Built target rosgraph_msgs_generate_messages_lisp
[ 50%] Built target trajectory_msgs_generate_messages_eus
[ 50%] Built target roscpp_generate_messages_py
[ 50%] Built target roscpp_generate_messages_cpp
[ 50%] Built target shape_msgs_generate_messages_nodejs
[ 50%] Built target rosgraph_msgs_generate_messages_py
[ 50%] Built target roscpp_generate_messages_eus
[ 50%] Built target actionlib_generate_messages_eus
[ 50%] Built target roscpp_generate_messages_nodejs
[ 50%] Built target trajectory_msgs_generate_messages_py
[ 50%] Built target rosgraph_msgs_generate_messages_cpp
[ 50%] Built target tf_generate_messages_py
[ 50%] Built target actionlib_generate_messages_py
[ 50%] Built target actionlib_msgs_generate_messages_lisp
[ 50%] Built target std_msgs_generate_messages_eus
[ 50%] Built target actionlib_msgs_generate_messages_nodejs
[ 50%] Built target std_srvs_generate_messages_py
[ 50%] Built target moveit_ros_planning_gencfg
[ 50%] Built target rosgraph_msgs_generate_messages_eus
[ 50%] Built target trajectory_msgs_generate_messages_cpp
[ 50%] Built target shape_msgs_generate_messages_eus
[ 50%] Built target visualization_msgs_generate_messages_eus
[ 50%] Built target geometry_msgs_generate_messages_cpp
[ 50%] Built target shape_msgs_generate_messages_py
[ 50%] Built target dynamic_reconfigure_generate_messages_eus
[ 50%] Built target geometry_msgs_generate_messages_lisp
[ 50%] Built target moveit_msgs_generate_messages_py
[ 50%] Built target visualization_msgs_generate_messages_lisp
[ 50%] Built target geometry_msgs_generate_messages_py
[ 50%] Built target moveit_msgs_generate_messages_eus
[ 50%] Built target geometry_msgs_generate_messages_nodejs
[ 50%] Built target tf2_msgs_generate_messages_eus
[ 50%] Built target sensor_msgs_generate_messages_py
[ 50%] Built target visualization_msgs_generate_messages_nodejs
[ 50%] Built target moveit_msgs_generate_messages_cpp
[ 50%] Built target moveit_msgs_generate_messages_nodejs
[ 50%] Built target visualization_msgs_generate_messages_py
[ 50%] Built target sensor_msgs_generate_messages_cpp
[ 50%] Built target sensor_msgs_generate_messages_eus
[ 50%] Built target visualization_msgs_generate_messages_cpp
[ 50%] Built target sensor_msgs_generate_messages_lisp
[ 50%] Built target sensor_msgs_generate_messages_nodejs
[ 50%] Built target shape_msgs_generate_messages_lisp
[35m[1mScanning dependencies of target joint_state_publisher[0m
[ 75%] [32mBuilding CXX object CMakeFiles/joint_state_publisher.dir/src/joint_state_publisher.cpp.o[0m
[100%] [32m[1mLinking CXX executable /home/tjurm/demo02_ws/devel/.private/tjurm_arm/lib/tjurm_arm/joint_state_publisher[0m
[100%] Built target joint_state_publisher
