[  0%] Built target std_srvs_generate_messages_lisp
[  0%] Built target std_srvs_generate_messages_eus
[  0%] Built target trajectory_msgs_generate_messages_lisp
[  0%] Built target tf_generate_messages_nodejs
[  0%] Built target std_srvs_generate_messages_nodejs
[  0%] Built target tf_generate_messages_cpp
[ 50%] Built target action_server2
[ 50%] Built target tf_generate_messages_lisp
[ 50%] Built target dynamic_reconfigure_gencfg
[ 50%] Built target dynamic_reconfigure_generate_messages_nodejs
[ 50%] Built target dynamic_reconfigure_generate_messages_cpp
[ 50%] Built target tf2_msgs_generate_messages_py
[ 50%] Built target tf2_msgs_generate_messages_lisp
[ 50%] Built target dynamic_reconfigure_generate_messages_lisp
[ 50%] Built target tf2_msgs_generate_messages_cpp
[ 50%] Built target octomap_msgs_generate_messages_nodejs
[ 50%] Built target octomap_msgs_generate_messages_py
[ 50%] Built target octomap_msgs_generate_messages_lisp
[ 50%] Built target octomap_msgs_generate_messages_cpp
[ 50%] Built target object_recognition_msgs_generate_messages_nodejs
[ 50%] Built target object_recognition_msgs_generate_messages_cpp
[ 50%] Built target object_recognition_msgs_generate_messages_lisp
[ 50%] Built target octomap_msgs_generate_messages_eus
[ 50%] Built target object_recognition_msgs_generate_messages_eus
[ 50%] Built target actionlib_generate_messages_nodejs
[ 50%] Built target trajectory_msgs_generate_messages_nodejs
[ 50%] Built target std_msgs_generate_messages_nodejs
[ 50%] Built target std_msgs_generate_messages_py
[ 50%] Built target actionlib_msgs_generate_messages_cpp
[ 50%] Built target geometry_msgs_generate_messages_eus
[ 50%] Built target object_recognition_msgs_generate_messages_py
[ 50%] Built target std_msgs_generate_messages_cpp
[ 50%] Built target rosgraph_msgs_generate_messages_nodejs
[ 50%] Built target actionlib_generate_messages_cpp
[ 50%] Built target actionlib_generate_messages_lisp
[ 50%] Built target roscpp_generate_messages_lisp
[ 50%] Built target actionlib_msgs_generate_messages_py
[ 50%] Built target moveit_ros_manipulation_gencfg
[ 50%] Built target shape_msgs_generate_messages_cpp
[ 50%] Built target std_msgs_generate_messages_lisp
[ 50%] Built target moveit_msgs_generate_messages_lisp
[ 50%] Built target tf2_msgs_generate_messages_nodejs
[ 50%] Built target std_srvs_generate_messages_cpp
[ 50%] Built target actionlib_msgs_generate_messages_eus
[ 50%] Built target dynamic_reconfigure_generate_messages_py
[ 50%] Built target rosgraph_msgs_generate_messages_lisp
[ 50%] Built target tf_generate_messages_eus
[ 50%] Built target trajectory_msgs_generate_messages_eus
[ 50%] Built target roscpp_generate_messages_py
[ 50%] Built target rosgraph_msgs_generate_messages_py
[ 50%] Built target shape_msgs_generate_messages_nodejs
[ 50%] Built target roscpp_generate_messages_eus
[ 50%] Built target roscpp_generate_messages_cpp
[ 50%] Built target trajectory_msgs_generate_messages_py
[ 50%] Built target roscpp_generate_messages_nodejs
[ 50%] Built target actionlib_generate_messages_eus
[ 50%] Built target actionlib_generate_messages_py
[ 50%] Built target tf_generate_messages_py
[ 50%] Built target rosgraph_msgs_generate_messages_cpp
[ 50%] Built target actionlib_msgs_generate_messages_lisp
[ 50%] Built target std_msgs_generate_messages_eus
[ 50%] Built target std_srvs_generate_messages_py
[ 50%] Built target trajectory_msgs_generate_messages_cpp
[ 50%] Built target actionlib_msgs_generate_messages_nodejs
[ 50%] Built target rosgraph_msgs_generate_messages_eus
[ 50%] Built target moveit_ros_planning_gencfg
[ 50%] Built target shape_msgs_generate_messages_py
[ 50%] Built target shape_msgs_generate_messages_eus
[ 50%] Built target visualization_msgs_generate_messages_eus
[ 50%] Built target moveit_msgs_generate_messages_py
[ 50%] Built target geometry_msgs_generate_messages_cpp
[ 50%] Built target geometry_msgs_generate_messages_lisp
[ 50%] Built target dynamic_reconfigure_generate_messages_eus
[ 50%] Built target visualization_msgs_generate_messages_lisp
[ 50%] Built target geometry_msgs_generate_messages_nodejs
[ 50%] Built target geometry_msgs_generate_messages_py
[ 50%] Built target moveit_msgs_generate_messages_eus
[ 50%] Built target sensor_msgs_generate_messages_py
[ 50%] Built target visualization_msgs_generate_messages_nodejs
[ 50%] Built target tf2_msgs_generate_messages_eus
[ 50%] Built target moveit_msgs_generate_messages_cpp
[ 50%] Built target visualization_msgs_generate_messages_py
[ 50%] Built target moveit_msgs_generate_messages_nodejs
[ 50%] Built target visualization_msgs_generate_messages_cpp
[ 50%] Built target sensor_msgs_generate_messages_cpp
[ 50%] Built target sensor_msgs_generate_messages_lisp
[ 50%] Built target sensor_msgs_generate_messages_eus
[ 50%] Built target sensor_msgs_generate_messages_nodejs
[ 50%] Built target shape_msgs_generate_messages_lisp
[35m[1mScanning dependencies of target joint_state_publisher[0m
[ 75%] [32mBuilding CXX object CMakeFiles/joint_state_publisher.dir/src/joint_state_publisher.cpp.o[0m
[01m[K/home/tjurm/demo02_ws/src/tjurm_arm/src/joint_state_publisher.cpp:[m[K In function ‘[01m[Kint main(int, char**)[m[K’:
[01m[K/home/tjurm/demo02_ws/src/tjurm_arm/src/joint_state_publisher.cpp:97:9:[m[K [01;31m[Kerror: [m[K‘[01m[Kloop_rate[m[K’ was not declared in this scope
   97 |         [01;31m[Kloop_rate[m[K.sleep();
      |         [01;31m[K^~~~~~~~~[m[K
make[2]: *** [CMakeFiles/joint_state_publisher.dir/build.make:63: CMakeFiles/joint_state_publisher.dir/src/joint_state_publisher.cpp.o] Error 1
make[1]: *** [CMakeFiles/Makefile2:2315: CMakeFiles/joint_state_publisher.dir/all] Error 2
make: *** [Makefile:141: all] Error 2
